<?xml version="1.0" encoding="UTF-8"?>
<!-- Generated by org.testng.reporters.JUnitXMLReporter -->
<testsuite ignored="1" hostname="DESKTOP-P8351SK" failures="0" tests="2" name="Test1" time="8.273" errors="0" timestamp="2023-05-26T15:59:48 IST">
  <testcase classname="com.EasyCal.Pages.BaseClass" name="@BeforeClass BrowserTest" time="0.001">
    <failure type="java.lang.NullPointerException">
      <![CDATA[java.lang.NullPointerException
at com.EasyCal.Pages.BaseClass.BrowserTest(BaseClass.java:31)
at java.base/java.util.ArrayList.forEach(ArrayList.java:1510)
... Removed 25 stack frames]]>
    </failure>
  </testcase> <!-- @BeforeClass BrowserTest -->
  <testcase classname="com.EasyCal.Pages.BaseClass" name="@AfterMethod tearDownMethod" time="0.0">
    <skipped/>
  </testcase> <!-- @AfterMethod tearDownMethod -->
  <testcase classname="com.EasyCal.Pages.BaseClass" name="@AfterClass tearDown" time="0.0">
    <skipped/>
  </testcase> <!-- @AfterClass tearDown -->
  <testcase classname="com.EasyCal.TestCases.VerifyEasycalcLogin" name="loginApp" time="0.261"/>
  <testcase classname="com.EasyCal.TestCases.VerifyEasyCalcRegister" name="registerApp" time="0.0">
    <skipped/>
  </testcase> <!-- registerApp -->
  <testcase classname="com.EasyCal.Pages.BaseClass" name="@BeforeSuite setup" time="0.0">
    <ignored/>
  </testcase> <!-- @BeforeSuite setup -->
</testsuite> <!-- Test1 -->
